[2023-04-24 00:02:34] INFO root fetch - main [MainThread]: Get Changelog since Serial: [17826127]
[2023-04-24 00:02:39] INFO root fetch - main [MainThread]: Found 5 changed packages
[2023-04-24 00:02:39] INFO root fetch - processPackages [ThreadPoolExecutor-0_0]: Start processing: rumex
[2023-04-24 00:02:39] INFO root fetch - processPackages [ThreadPoolExecutor-0_1]: Start processing: onsale
[2023-04-24 00:02:39] INFO root fetch - processPackages [ThreadPoolExecutor-0_2]: Start processing: telebot-components
[2023-04-24 00:02:39] INFO root fetch - processPackages [ThreadPoolExecutor-0_3]: Start processing: quinten-cli
[2023-04-24 00:02:39] INFO root fetch - processPackages [ThreadPoolExecutor-0_4]: Start processing: pyseistr
[2023-04-24 00:02:39] INFO root fetch - processPackages [telebot-components]: New version: [0.8.1] Old Version: [0.8.0]
[2023-04-24 00:02:39] INFO root fetch - processPackages [quinten-cli]: New version: [1.1.1] Old Version: [1.1.0]
[2023-04-24 00:02:39] INFO root fetch - processPackages [onsale]: New version: [0.0.4] Old Version: [0.0.3]
[2023-04-24 00:02:39] INFO root fetch - processPackages [rumex]: New version: [0.3.3] Old Version: [0.2.3]
[2023-04-24 00:02:39] INFO root fetch - processPackages [quinten-cli]: executing diffoscope
[2023-04-24 00:02:39] INFO root fetch - processPackages [quinten-cli]: podman run --user 0:0 --rm -w /home/abi/fetcher -v /home/abi/fetcher/tmp:/home/abi/fetcher/tmp:ro -v /home/abi/fetcher/20230424:/home/abi/fetcher/20230424:rw registry.salsa.debian.org/reproducible-builds/diffoscope --no-progress tmp/quinten-cli-1.1.0.tar.gz tmp/quinten-cli-1.1.1.tar.gz --markdown 20230424/q/quinten-cli/1.1.0-1.1.1/diff.md --exclude *.pyd
[2023-04-24 00:02:39] INFO root fetch - processPackages [pyseistr]: New version: [0.0.4.3] Old Version: [0.0.4.2]
[2023-04-24 00:02:39] INFO root fetch - processPackages [onsale]: Downloading https://files.pythonhosted.org/packages/99/4d/dffb7efecc047f3b0b5ee4e78a9cb4d2b06d9194e890666cb37a20e5d85f/onsale-0.0.3.tar.gz
[2023-04-24 00:02:39] INFO root fetch - processPackages [rumex]: Downloading https://files.pythonhosted.org/packages/bf/9f/f3962bf86e954135de1e9727675fd03f951ee4ad1eda44d714877693e7ae/rumex-0.2.3.tar.gz
[2023-04-24 00:02:39] INFO root fetch - processPackages [pyseistr]: Downloading https://files.pythonhosted.org/packages/cc/6d/d5486dae0b0ac366b962e5938f6b2c1a7e101672b257170d6405974741fc/pyseistr-0.0.4.2.tar.gz
[2023-04-24 00:02:39] INFO root fetch - processPackages [telebot-components]: Downloading https://files.pythonhosted.org/packages/83/20/a4f6d8a526b6ed6c39f439b683994c350dfec66f6987b4d8bb58103db49c/telebot_components-0.8.1.tar.gz
[2023-04-24 00:02:39] INFO root fetch - processPackages [telebot-components]: executing diffoscope
[2023-04-24 00:02:39] INFO root fetch - processPackages [telebot-components]: podman run --user 0:0 --rm -w /home/abi/fetcher -v /home/abi/fetcher/tmp:/home/abi/fetcher/tmp:ro -v /home/abi/fetcher/20230424:/home/abi/fetcher/20230424:rw registry.salsa.debian.org/reproducible-builds/diffoscope --no-progress tmp/telebot_components-0.8.0.tar.gz tmp/telebot_components-0.8.1.tar.gz --markdown 20230424/t/telebot-components/0.8.0-0.8.1/diff.md --exclude *.pyd
[2023-04-24 00:02:39] INFO root fetch - processPackages [onsale]: Downloading https://files.pythonhosted.org/packages/b2/49/5453d943e88647edacbfdf1a7b91166dfc7ae6c589faab9eabff9e94e335/onsale-0.0.4.tar.gz
[2023-04-24 00:02:39] INFO root fetch - processPackages [onsale]: executing diffoscope
[2023-04-24 00:02:39] INFO root fetch - processPackages [onsale]: podman run --user 0:0 --rm -w /home/abi/fetcher -v /home/abi/fetcher/tmp:/home/abi/fetcher/tmp:ro -v /home/abi/fetcher/20230424:/home/abi/fetcher/20230424:rw registry.salsa.debian.org/reproducible-builds/diffoscope --no-progress tmp/onsale-0.0.3.tar.gz tmp/onsale-0.0.4.tar.gz --markdown 20230424/o/onsale/0.0.3-0.0.4/diff.md --exclude *.pyd
[2023-04-24 00:02:40] INFO root fetch - processPackages [rumex]: Downloading https://files.pythonhosted.org/packages/06/ba/b3e0004885221291f3212a39a2f9811b5f8d0d7025575f35861bd5bc2bcc/rumex-0.3.3.tar.gz
[2023-04-24 00:02:40] INFO root fetch - processPackages [rumex]: executing diffoscope
[2023-04-24 00:02:40] INFO root fetch - processPackages [rumex]: podman run --user 0:0 --rm -w /home/abi/fetcher -v /home/abi/fetcher/tmp:/home/abi/fetcher/tmp:ro -v /home/abi/fetcher/20230424:/home/abi/fetcher/20230424:rw registry.salsa.debian.org/reproducible-builds/diffoscope --no-progress tmp/rumex-0.2.3.tar.gz tmp/rumex-0.3.3.tar.gz --markdown 20230424/r/rumex/0.2.3-0.3.3/diff.md --exclude *.pyd
[2023-04-24 00:02:40] INFO root fetch - processPackages [pyseistr]: Downloading https://files.pythonhosted.org/packages/ec/39/84ee2027327716ca78f8a1e7cbb00dd033ece4d99fa888955f15ac5d80a0/pyseistr-0.0.4.3.tar.gz
[2023-04-24 00:02:40] INFO root fetch - processPackages [pyseistr]: executing diffoscope
[2023-04-24 00:02:40] INFO root fetch - processPackages [pyseistr]: podman run --user 0:0 --rm -w /home/abi/fetcher -v /home/abi/fetcher/tmp:/home/abi/fetcher/tmp:ro -v /home/abi/fetcher/20230424:/home/abi/fetcher/20230424:rw registry.salsa.debian.org/reproducible-builds/diffoscope --no-progress tmp/pyseistr-0.0.4.2.tar.gz tmp/pyseistr-0.0.4.3.tar.gz --markdown 20230424/p/pyseistr/0.0.4.2-0.0.4.3/diff.md --exclude *.pyd
[2023-04-24 00:02:40] INFO root fetch - main [MainThread]: End processing [quinten-cli]: success
[2023-04-24 00:02:41] INFO root fetch - main [MainThread]: End processing [onsale]: success
[2023-04-24 00:02:41] INFO root fetch - main [MainThread]: End processing [telebot-components]: success
[2023-04-24 00:02:41] INFO root fetch - main [MainThread]: End processing [rumex]: success
[2023-04-24 00:02:41] INFO root fetch - main [MainThread]: End processing [pyseistr]: success
[2023-04-24 00:02:41] INFO root fetch - main [MainThread]: Store serial: [17826145]
[2023-04-24 00:07:45] INFO root fetch - main [MainThread]: Get Changelog since Serial: [17826145]
[2023-04-24 00:07:50] INFO root fetch - main [MainThread]: Found 4 changed packages
[2023-04-24 00:07:50] INFO root fetch - processPackages [ThreadPoolExecutor-0_0]: Start processing: crispr-library-prep
[2023-04-24 00:07:50] INFO root fetch - processPackages [ThreadPoolExecutor-0_1]: Start processing: growthbook
[2023-04-24 00:07:50] INFO root fetch - processPackages [ThreadPoolExecutor-0_2]: Start processing: magyar
[2023-04-24 00:07:50] INFO root fetch - processPackages [ThreadPoolExecutor-0_3]: Start processing: npm-cockpit
[2023-04-24 00:07:50] INFO root fetch - processPackages [growthbook]: New version: [1.0.0] Old Version: [0.3.1]
[2023-04-24 00:07:50] INFO root fetch - processPackages [magyar]: New version: [2.9.7] Old Version: [2.9.6]
[2023-04-24 00:07:50] INFO root fetch - processPackages [npm-cockpit]: New version: [0.4.0] Old Version: [0.3.0]
[2023-04-24 00:07:50] INFO root fetch - processPackages [crispr-library-prep]: New version: [0.1.9] Old Version: [0.1.8]
[2023-04-24 00:07:50] INFO root fetch - processPackages [crispr-library-prep]: executing diffoscope
[2023-04-24 00:07:50] INFO root fetch - processPackages [crispr-library-prep]: podman run --user 0:0 --rm -w /home/abi/fetcher -v /home/abi/fetcher/tmp:/home/abi/fetcher/tmp:ro -v /home/abi/fetcher/20230424:/home/abi/fetcher/20230424:rw registry.salsa.debian.org/reproducible-builds/diffoscope --no-progress tmp/crispr_library_prep-0.1.8.tar.gz tmp/crispr_library_prep-0.1.9.tar.gz --markdown 20230424/c/crispr-library-prep/0.1.8-0.1.9/diff.md --exclude *.pyd
[2023-04-24 00:07:50] INFO root fetch - processPackages [npm-cockpit]: Downloading https://files.pythonhosted.org/packages/ea/56/9bd2e5ba26e617ef7690ca55c38c007ca74bce3129127ecf32cbf03d8c61/npm-cockpit-0.3.0.tar.gz
[2023-04-24 00:07:50] INFO root fetch - processPackages [growthbook]: Downloading https://files.pythonhosted.org/packages/7a/dd/59fbb4f7acfab3149e75f8ff1c3dcc855e42478ad20f8023409996be353d/growthbook-0.3.1.tar.gz
[2023-04-24 00:07:50] INFO root fetch - processPackages [magyar]: Downloading https://files.pythonhosted.org/packages/9b/d2/f65f4a6656818fcd2121ca5c9b5cf667888de7c6ca7947bf19ad4b89f613/magyar-2.9.7.tar.gz
[2023-04-24 00:07:50] INFO root fetch - processPackages [npm-cockpit]: Downloading https://files.pythonhosted.org/packages/d9/67/f76b88f79517256dd1d50feafd19aed4b84cba93def06cba9e854634312b/npm-cockpit-0.4.0.tar.gz
[2023-04-24 00:07:50] INFO root fetch - processPackages [magyar]: executing diffoscope
[2023-04-24 00:07:50] INFO root fetch - processPackages [magyar]: podman run --user 0:0 --rm -w /home/abi/fetcher -v /home/abi/fetcher/tmp:/home/abi/fetcher/tmp:ro -v /home/abi/fetcher/20230424:/home/abi/fetcher/20230424:rw registry.salsa.debian.org/reproducible-builds/diffoscope --no-progress tmp/magyar-2.9.6.tar.gz tmp/magyar-2.9.7.tar.gz --markdown 20230424/m/magyar/2.9.6-2.9.7/diff.md --exclude *.pyd
[2023-04-24 00:07:50] INFO root fetch - processPackages [growthbook]: Downloading https://files.pythonhosted.org/packages/d4/99/459f1ca00b27a16156ed62b00d548cd692abb4ad78b949143888ebeda43c/growthbook-1.0.0.tar.gz
[2023-04-24 00:07:50] INFO root fetch - processPackages [growthbook]: executing diffoscope
[2023-04-24 00:07:50] INFO root fetch - processPackages [growthbook]: podman run --user 0:0 --rm -w /home/abi/fetcher -v /home/abi/fetcher/tmp:/home/abi/fetcher/tmp:ro -v /home/abi/fetcher/20230424:/home/abi/fetcher/20230424:rw registry.salsa.debian.org/reproducible-builds/diffoscope --no-progress tmp/growthbook-0.3.1.tar.gz tmp/growthbook-1.0.0.tar.gz --markdown 20230424/g/growthbook/0.3.1-1.0.0/diff.md --exclude *.pyd
[2023-04-24 00:07:50] INFO root fetch - processPackages [npm-cockpit]: executing diffoscope
[2023-04-24 00:07:50] INFO root fetch - processPackages [npm-cockpit]: podman run --user 0:0 --rm -w /home/abi/fetcher -v /home/abi/fetcher/tmp:/home/abi/fetcher/tmp:ro -v /home/abi/fetcher/20230424:/home/abi/fetcher/20230424:rw registry.salsa.debian.org/reproducible-builds/diffoscope --no-progress tmp/npm-cockpit-0.3.0.tar.gz tmp/npm-cockpit-0.4.0.tar.gz --markdown 20230424/n/npm-cockpit/0.3.0-0.4.0/diff.md --exclude *.pyd
[2023-04-24 00:07:51] INFO root fetch - main [MainThread]: End processing [crispr-library-prep]: success
[2023-04-24 00:07:51] INFO root fetch - main [MainThread]: End processing [magyar]: success
[2023-04-24 00:07:51] INFO root fetch - main [MainThread]: End processing [growthbook]: success
[2023-04-24 00:07:53] INFO root fetch - main [MainThread]: End processing [npm-cockpit]: success
[2023-04-24 00:07:53] INFO root fetch - main [MainThread]: Store serial: [17826157]
[2023-04-24 00:12:57] INFO root fetch - main [MainThread]: Get Changelog since Serial: [17826157]
[2023-04-24 00:13:02] INFO root fetch - main [MainThread]: Found 4 changed packages
[2023-04-24 00:13:02] INFO root fetch - processPackages [ThreadPoolExecutor-0_0]: Start processing: ripio-client
[2023-04-24 00:13:02] INFO root fetch - processPackages [ThreadPoolExecutor-0_1]: Start processing: hotbox
[2023-04-24 00:13:02] INFO root fetch - processPackages [ThreadPoolExecutor-0_2]: Start processing: config-mgmt-server
[2023-04-24 00:13:02] INFO root fetch - processPackages [ThreadPoolExecutor-0_3]: Start processing: ablerConfig
[2023-04-24 00:13:02] WARNING root fetch - processPackages [ablerConfig]: Skipping, unable to determine old version
[2023-04-24 00:13:02] INFO root fetch - main [MainThread]: End processing [ablerConfig] error
[2023-04-24 00:13:02] INFO root fetch - processPackages [config-mgmt-server]: New version: [1.0.2] Old Version: [1.0.1]
[2023-04-24 00:13:02] INFO root fetch - processPackages [hotbox]: New version: [0.0.9] Old Version: [0.0.8]
[2023-04-24 00:13:02] INFO root fetch - processPackages [ripio-client]: New version: [0.0.3] Old Version: [0.0.2]
[2023-04-24 00:13:02] INFO root fetch - processPackages [config-mgmt-server]: Downloading https://files.pythonhosted.org/packages/f4/64/ce680126408453f1fc4e630b41283c7153028adda4600f02c4390cd88454/config-mgmt-server-1.0.1.tar.gz
[2023-04-24 00:13:02] INFO root fetch - processPackages [ripio-client]: Downloading https://files.pythonhosted.org/packages/ed/2d/5ceace1c87bb036bf927a4f871ffed1259835338adcab5bd0dba72777f54/ripio_client-0.0.2.tar.gz
[2023-04-24 00:13:02] INFO root fetch - processPackages [hotbox]: executing diffoscope
[2023-04-24 00:13:02] INFO root fetch - processPackages [hotbox]: podman run --user 0:0 --rm -w /home/abi/fetcher -v /home/abi/fetcher/tmp:/home/abi/fetcher/tmp:ro -v /home/abi/fetcher/20230424:/home/abi/fetcher/20230424:rw registry.salsa.debian.org/reproducible-builds/diffoscope --no-progress tmp/hotbox-0.0.8.tar.gz tmp/hotbox-0.0.9.tar.gz --markdown 20230424/h/hotbox/0.0.8-0.0.9/diff.md --exclude *.pyd
[2023-04-24 00:13:02] INFO root fetch - processPackages [ripio-client]: Downloading https://files.pythonhosted.org/packages/cc/34/cf5606315f5dbf254ea42a78577883f74f2abfa69740387f02a72f90ddb4/ripio_client-0.0.3.tar.gz
[2023-04-24 00:13:02] INFO root fetch - processPackages [config-mgmt-server]: Downloading https://files.pythonhosted.org/packages/0b/5c/8a03cef8f043115ee9b31f3776a5cfa1426b6c60c7065b9ff7094182da33/config-mgmt-server-1.0.2.tar.gz
[2023-04-24 00:13:02] INFO root fetch - processPackages [ripio-client]: executing diffoscope
[2023-04-24 00:13:02] INFO root fetch - processPackages [ripio-client]: podman run --user 0:0 --rm -w /home/abi/fetcher -v /home/abi/fetcher/tmp:/home/abi/fetcher/tmp:ro -v /home/abi/fetcher/20230424:/home/abi/fetcher/20230424:rw registry.salsa.debian.org/reproducible-builds/diffoscope --no-progress tmp/ripio_client-0.0.2.tar.gz tmp/ripio_client-0.0.3.tar.gz --markdown 20230424/r/ripio-client/0.0.2-0.0.3/diff.md --exclude *.pyd
[2023-04-24 00:13:02] INFO root fetch - processPackages [config-mgmt-server]: executing diffoscope
[2023-04-24 00:13:02] INFO root fetch - processPackages [config-mgmt-server]: podman run --user 0:0 --rm -w /home/abi/fetcher -v /home/abi/fetcher/tmp:/home/abi/fetcher/tmp:ro -v /home/abi/fetcher/20230424:/home/abi/fetcher/20230424:rw registry.salsa.debian.org/reproducible-builds/diffoscope --no-progress tmp/config-mgmt-server-1.0.1.tar.gz tmp/config-mgmt-server-1.0.2.tar.gz --markdown 20230424/c/config-mgmt-server/1.0.1-1.0.2/diff.md --exclude *.pyd
[2023-04-24 00:13:03] INFO root fetch - main [MainThread]: End processing [ripio-client]: success
[2023-04-24 00:13:03] INFO root fetch - main [MainThread]: End processing [hotbox]: success
[2023-04-24 00:13:04] INFO root fetch - main [MainThread]: End processing [config-mgmt-server]: success
[2023-04-24 00:13:04] INFO root fetch - main [MainThread]: Store serial: [17826177]
[2023-04-24 00:18:07] INFO root fetch - main [MainThread]: Get Changelog since Serial: [17826177]
[2023-04-24 00:18:12] INFO root fetch - main [MainThread]: Found 5 changed packages
[2023-04-24 00:18:12] INFO root fetch - processPackages [ThreadPoolExecutor-0_0]: Start processing: xcsf
[2023-04-24 00:18:12] INFO root fetch - processPackages [ThreadPoolExecutor-0_1]: Start processing: amdgpu-stats
[2023-04-24 00:18:12] INFO root fetch - processPackages [ThreadPoolExecutor-0_2]: Start processing: nitrado
[2023-04-24 00:18:12] INFO root fetch - processPackages [ThreadPoolExecutor-0_3]: Start processing: skim-unicode-table
[2023-04-24 00:18:12] INFO root fetch - processPackages [ThreadPoolExecutor-0_4]: Start processing: crispr-library-prep
[2023-04-24 00:18:12] WARNING root fetch - processPackages [amdgpu-stats]: Skipping, unable to determine old version
[2023-04-24 00:18:12] INFO root fetch - main [MainThread]: End processing [amdgpu-stats] error
[2023-04-24 00:18:12] INFO root fetch - processPackages [crispr-library-prep]: New version: [0.1.9] Old Version: [0.1.8]
[2023-04-24 00:18:12] INFO root fetch - processPackages [xcsf]: New version: [1.2.6] Old Version: [1.2.5]
[2023-04-24 00:18:12] INFO root fetch - processPackages [nitrado]: New version: [1.0.9] Old Version: [1.0.8]
[2023-04-24 00:18:12] INFO root fetch - processPackages [skim-unicode-table]: New version: [0.1.9] Old Version: [0.1.21]
[2023-04-24 00:18:12] INFO root fetch - processPackages [crispr-library-prep]: executing diffoscope
[2023-04-24 00:18:12] INFO root fetch - processPackages [crispr-library-prep]: podman run --user 0:0 --rm -w /home/abi/fetcher -v /home/abi/fetcher/tmp:/home/abi/fetcher/tmp:ro -v /home/abi/fetcher/20230424:/home/abi/fetcher/20230424:rw registry.salsa.debian.org/reproducible-builds/diffoscope --no-progress tmp/crispr_library_prep-0.1.8.tar.gz tmp/crispr_library_prep-0.1.9.tar.gz --markdown 20230424/c/crispr-library-prep/0.1.8-0.1.9/diff.md --exclude *.pyd
[2023-04-24 00:18:12] INFO root fetch - processPackages [xcsf]: Downloading https://files.pythonhosted.org/packages/6a/18/cc2bc3d2aa04c9376b3ad290a3ce5691665d57b66091c5bd6072042a8120/xcsf-1.2.5.tar.gz
[2023-04-24 00:18:12] INFO root fetch - processPackages [nitrado]: Downloading https://files.pythonhosted.org/packages/18/5d/a182a36879b2e7f8aaebc3d49a610d00a10f3ecf37211672fc9db139c4b7/nitrado-1.0.9.tar.gz
[2023-04-24 00:18:12] INFO root fetch - processPackages [skim-unicode-table]: Downloading https://files.pythonhosted.org/packages/2e/72/15df59d70a0763cea52a967df1cb77933fdd5b4a75d15fad1be8d38a5756/skim_unicode_table-0.1.21-cp39-cp39-manylinux_2_24_x86_64.whl
[2023-04-24 00:18:12] INFO root fetch - processPackages [nitrado]: executing diffoscope
[2023-04-24 00:18:12] INFO root fetch - processPackages [nitrado]: podman run --user 0:0 --rm -w /home/abi/fetcher -v /home/abi/fetcher/tmp:/home/abi/fetcher/tmp:ro -v /home/abi/fetcher/20230424:/home/abi/fetcher/20230424:rw registry.salsa.debian.org/reproducible-builds/diffoscope --no-progress tmp/nitrado-1.0.8.tar.gz tmp/nitrado-1.0.9.tar.gz --markdown 20230424/n/nitrado/1.0.8-1.0.9/diff.md --exclude *.pyd
[2023-04-24 00:18:13] INFO root fetch - processPackages [skim-unicode-table]: Downloading https://files.pythonhosted.org/packages/04/77/3cd23a769f77a1b5bdf7ea446bb9a3895915227c2dc177b6fd48959ed1b0/skim_unicode_table-0.1.9-cp39-cp39-manylinux_2_24_x86_64.whl
[2023-04-24 00:18:13] INFO root fetch - main [MainThread]: End processing [crispr-library-prep]: success
[2023-04-24 00:18:13] INFO root fetch - processPackages [xcsf]: Downloading https://files.pythonhosted.org/packages/1c/b0/f1930a742bad43e272057468759a1fe025415e32bf7331e53148a6906324/xcsf-1.2.6.tar.gz
[2023-04-24 00:18:13] INFO root fetch - processPackages [skim-unicode-table]: executing diffoscope
[2023-04-24 00:18:13] INFO root fetch - processPackages [skim-unicode-table]: podman run --user 0:0 --rm -w /home/abi/fetcher -v /home/abi/fetcher/tmp:/home/abi/fetcher/tmp:ro -v /home/abi/fetcher/20230424:/home/abi/fetcher/20230424:rw registry.salsa.debian.org/reproducible-builds/diffoscope --no-progress tmp/skim_unicode_table-0.1.21-cp39-cp39-manylinux_2_24_x86_64.whl.zip tmp/skim_unicode_table-0.1.9-cp39-cp39-manylinux_2_24_x86_64.whl.zip --markdown 20230424/s/skim-unicode-table/0.1.21-0.1.9/diff.md --exclude *.pyd
[2023-04-24 00:18:14] INFO root fetch - main [MainThread]: End processing [nitrado]: success
[2023-04-24 00:18:14] INFO root fetch - processPackages [xcsf]: executing diffoscope
[2023-04-24 00:18:14] INFO root fetch - processPackages [xcsf]: podman run --user 0:0 --rm -w /home/abi/fetcher -v /home/abi/fetcher/tmp:/home/abi/fetcher/tmp:ro -v /home/abi/fetcher/20230424:/home/abi/fetcher/20230424:rw registry.salsa.debian.org/reproducible-builds/diffoscope --no-progress tmp/xcsf-1.2.5.tar.gz tmp/xcsf-1.2.6.tar.gz --markdown 20230424/x/xcsf/1.2.5-1.2.6/diff.md --exclude *.pyd
[2023-04-24 00:18:21] INFO root fetch - main [MainThread]: End processing [xcsf]: success
[2023-04-24 00:18:50] INFO root fetch - main [MainThread]: End processing [skim-unicode-table]: success
[2023-04-24 00:18:50] INFO root fetch - main [MainThread]: Store serial: [17826213]
